06:09:04 INFO  : Launching XSCT server: xsct -n  -interactive /home/bhalerao/kushal/ELM_test_suites/vivadoProjects/DDR4/ddrTest201/ELM_BringUP_PSDDR/temp_xsdb_launch_script.tcl
06:09:08 INFO  : Registering command handlers for Vitis TCF services
06:09:11 INFO  : Platform repository initialization has completed.
06:09:12 INFO  : XSCT server has started successfully.
06:09:12 INFO  : plnx-install-location is set to ''
06:09:12 INFO  : Successfully done setting XSCT server connection channel  
06:09:12 INFO  : Successfully done query RDI_DATADIR 
06:09:12 INFO  : Successfully done setting workspace for the tool. 
06:14:07 INFO  : Result from executing command 'getProjects': ps_block_wrapper
06:14:07 INFO  : Result from executing command 'getPlatforms': 
06:14:08 INFO  : Platform 'ps_block_wrapper' is added to custom repositories.
06:14:24 INFO  : Platform 'ps_block_wrapper' is added to custom repositories.
00:59:27 INFO  : Launching XSCT server: xsct -n  -interactive /home/bhalerao/kushal/ELM_test_suites/vivadoProjects/DDR4/ddrTest201/ELM_BringUP_PSDDR/temp_xsdb_launch_script.tcl
00:59:33 INFO  : XSCT server has started successfully.
00:59:33 INFO  : plnx-install-location is set to ''
00:59:33 INFO  : Successfully done setting XSCT server connection channel  
00:59:33 INFO  : Successfully done setting workspace for the tool. 
00:59:34 INFO  : Platform repository initialization has completed.
00:59:37 INFO  : Registering command handlers for Vitis TCF services
00:59:47 INFO  : Successfully done query RDI_DATADIR 
01:09:14 INFO  : Connected to target on host '127.0.0.1' and port '3121'.
01:09:15 INFO  : ----------------XSDB Script----------------
connect -url tcp:127.0.0.1:3121
----------------End of Script----------------

01:09:15 ERROR : Can't run initialization as FSBL file is not found in the platform. Please make sure that FSBL is generated in the platform.
01:09:38 INFO  : Connected to target on host '127.0.0.1' and port '3121'.
01:09:38 INFO  : ----------------XSDB Script----------------
connect -url tcp:127.0.0.1:3121
----------------End of Script----------------

01:09:38 ERROR : Can't run initialization as FSBL file is not found in the platform. Please make sure that FSBL is generated in the platform.
01:41:03 INFO  : Result from executing command 'getProjects': ps_block_wrapper
01:41:03 INFO  : Result from executing command 'getPlatforms': ps_block_wrapper|/home/bhalerao/kushal/ELM_test_suites/vivadoProjects/DDR4/ddrTest201/ELM_BringUP_PSDDR/ps_block_wrapper/export/ps_block_wrapper/ps_block_wrapper.xpfm
01:41:06 INFO  : Checking for BSP changes to sync application flags for project 'psDDR'...
01:42:35 INFO  : Connected to target on host '127.0.0.1' and port '3121'.
01:42:35 WARN  : Part name present in the hardware specification 'xczu4cg-sfvc784-2-e' doesn't match the one present on the target 'xc7a35t'.
01:43:11 INFO  : ----------------XSDB Script----------------
connect -url tcp:127.0.0.1:3121
----------------End of Script----------------

01:43:34 INFO  : Successfully done sdx_reload_mss "/home/bhalerao/kushal/ELM_test_suites/vivadoProjects/DDR4/ddrTest201/ELM_BringUP_PSDDR/ps_block_wrapper/psu_cortexa53_0/domain_psu_cortexa53_0/bsp/system.mss"
01:44:28 INFO  : Connected to target on host '127.0.0.1' and port '3121'.
01:44:29 WARN  : Part name present in the hardware specification 'xczu4cg-sfvc784-2-e' doesn't match the one present on the target 'xc7a35t'.
01:44:31 INFO  : Jtag cable 'Digilent JTAG-HS3 210299AD018D' is selected.
01:44:31 INFO  : 'jtag frequency' command is executed.
01:44:31 INFO  : Sourcing of '/home/software/xilinx/Vitis/2020.1/scripts/vitis/util/zynqmp_utils.tcl' is done.
01:44:31 INFO  : Context for 'APU' is selected.
01:44:32 INFO  : System reset is completed.
01:44:35 INFO  : 'after 3000' command is executed.
01:44:35 INFO  : Context for 'APU' is selected.
01:44:36 INFO  : Hardware design and registers information is loaded from '/home/bhalerao/kushal/ELM_test_suites/vivadoProjects/DDR4/ddrTest201/ELM_BringUP_PSDDR/ps_block_wrapper/export/ps_block_wrapper/hw/ps_block_wrapper.xsa'.
01:44:36 INFO  : 'configparams force-mem-access 1' command is executed.
01:44:36 INFO  : Context for 'APU' is selected.
01:44:36 INFO  : Boot mode is read from the target.
01:44:42 INFO  : Boot mode of the target is set to jtag.
01:44:43 INFO  : Context for processor 'psu_cortexa53_0' is selected.
01:44:43 INFO  : Processor reset is completed for 'psu_cortexa53_0'.
01:44:47 INFO  : The application '/home/bhalerao/kushal/ELM_test_suites/vivadoProjects/DDR4/ddrTest201/ELM_BringUP_PSDDR/ps_block_wrapper/export/ps_block_wrapper/sw/ps_block_wrapper/boot/fsbl.elf' is downloaded to processor 'psu_cortexa53_0'.
01:44:47 INFO  : 'set bp_44_47_fsbl_bp [bpadd -addr &XFsbl_Exit]' command is executed.
01:44:49 INFO  : 'con -block -timeout 60' command is executed.
01:44:49 INFO  : 'bpremove $bp_44_47_fsbl_bp' command is executed.
01:44:49 INFO  : Context for processor 'psu_cortexa53_0' is selected.
01:44:49 INFO  : Processor reset is completed for 'psu_cortexa53_0'.
01:44:52 INFO  : The application '/home/bhalerao/kushal/ELM_test_suites/vivadoProjects/DDR4/ddrTest201/ELM_BringUP_PSDDR/psDDR/Debug/psDDR.elf' is downloaded to processor 'psu_cortexa53_0'.
01:44:53 INFO  : 'configparams force-mem-access 0' command is executed.
01:44:53 INFO  : ----------------XSDB Script----------------
connect -url tcp:127.0.0.1:3121
source /home/software/xilinx/Vitis/2020.1/scripts/vitis/util/zynqmp_utils.tcl
targets -set -nocase -filter {name =~"APU*"}
rst -system
after 3000
targets -set -nocase -filter {name =~"APU*"}
loadhw -hw /home/bhalerao/kushal/ELM_test_suites/vivadoProjects/DDR4/ddrTest201/ELM_BringUP_PSDDR/ps_block_wrapper/export/ps_block_wrapper/hw/ps_block_wrapper.xsa -mem-ranges [list {0x80000000 0xbfffffff} {0x400000000 0x5ffffffff} {0x1000000000 0x7fffffffff}] -regs
configparams force-mem-access 1
targets -set -nocase -filter {name =~"APU*"}
set mode [expr [mrd -value 0xFF5E0200] & 0xf]
mask_write 0xFF5E0200 0xf000 0
targets -set -nocase -filter {name =~ "*A53*#0"}
rst -processor
dow /home/bhalerao/kushal/ELM_test_suites/vivadoProjects/DDR4/ddrTest201/ELM_BringUP_PSDDR/ps_block_wrapper/export/ps_block_wrapper/sw/ps_block_wrapper/boot/fsbl.elf
set bp_44_47_fsbl_bp [bpadd -addr &XFsbl_Exit]
con -block -timeout 60
bpremove $bp_44_47_fsbl_bp
targets -set -nocase -filter {name =~ "*A53*#0"}
rst -processor
dow /home/bhalerao/kushal/ELM_test_suites/vivadoProjects/DDR4/ddrTest201/ELM_BringUP_PSDDR/psDDR/Debug/psDDR.elf
configparams force-mem-access 0
----------------End of Script----------------

01:44:53 INFO  : Context for processor 'psu_cortexa53_0' is selected.
01:44:53 INFO  : 'con' command is executed.
01:44:53 INFO  : ----------------XSDB Script (After Launch)----------------
targets -set -nocase -filter {name =~ "*A53*#0"}
con
----------------End of Script----------------

01:44:53 INFO  : Disconnected from the channel tcfchan#1.
