#-----------------------------------------------------------
# Vivado v2020.1 (64-bit)
# SW Build 2902540 on Wed May 27 19:54:35 MDT 2020
# IP Build 2902112 on Wed May 27 22:43:36 MDT 2020
# Start of session at: Thu Jul 22 00:57:30 2021
# Process ID: 177033
# Current directory: /home/bhalerao/kushal/ELM_test_suites/vivadoProjects/DDR4/ddrTest201/ELM_BringUP_PSDDR
# Command line: vivado myproj/project_1.xpr
# Log file: /home/bhalerao/kushal/ELM_test_suites/vivadoProjects/DDR4/ddrTest201/ELM_BringUP_PSDDR/vivado.log
# Journal file: /home/bhalerao/kushal/ELM_test_suites/vivadoProjects/DDR4/ddrTest201/ELM_BringUP_PSDDR/vivado.jou
#-----------------------------------------------------------
start_gui
open_project myproj/project_1.xpr
Scanning sources...
Finished scanning sources
INFO: [IP_Flow 19-234] Refreshing IP repositories
INFO: [IP_Flow 19-1704] No user IP repositories specified
INFO: [IP_Flow 19-2313] Loaded Vivado IP repository '/home/software/xilinx/Vivado/2020.1/data/ip'.
WARNING: [IP_Flow 19-3899] Cannot get the environment domain name variable for the component vendor name. Setting the vendor name to 'user.org'.
open_project: Time (s): cpu = 00:00:39 ; elapsed = 00:00:22 . Memory (MB): peak = 7102.477 ; gain = 25.055 ; free physical = 7027 ; free virtual = 45651
update_compile_order -fileset sources_1
INFO: [Vivado 12-8231] Launching Vitis
INFO: [Vivado 12-417] Running vitis
INFO: [Vivado 12-8232] Vitis launch initiated. Please check console for any further messages.
