04:17:52 INFO  : Registering command handlers for SDK TCF services
04:17:55 INFO  : Launching XSCT server: xsct -n -interactive /home/bhalerao/kushal/ELM_test_suites/vivadoProjects/DDR4/psDDR_tests/myproj/project_1.sdk/temp_xsdb_launch_script.tcl
04:17:59 INFO  : XSCT server has started successfully.
04:17:59 INFO  : Successfully done setting XSCT server connection channel  
04:17:59 INFO  : Successfully done setting SDK workspace  
04:17:59 INFO  : Processing command line option -hwspec myproj/project_1.sdk/ps_block_wrapper.hdf.
05:07:49 INFO  : Connected to target on host '127.0.0.1' and port '3121'.
05:07:50 INFO  : Jtag cable 'Platform Cable USB II 0000150f4c4701' is selected.
05:07:50 INFO  : 'jtag frequency' command is executed.
05:07:50 INFO  : Sourcing of '/home/software/xilinx/SDK/2019.1/scripts/sdk/util/zynqmp_utils.tcl' is done.
05:07:50 INFO  : Context for 'APU' is selected.
05:07:51 INFO  : System reset is completed.
05:07:54 INFO  : 'after 3000' command is executed.
05:07:54 INFO  : Context for 'APU' is selected.
05:07:54 INFO  : Cleared APU and A53 resets
05:07:54 INFO  : Context for 'APU' is selected.
05:07:55 INFO  : Hardware design information is loaded from '/home/bhalerao/kushal/ELM_test_suites/vivadoProjects/DDR4/psDDR_tests/myproj/project_1.sdk/ps_block_wrapper_hw_platform_0/system.hdf'.
05:07:55 INFO  : 'configparams force-mem-access 1' command is executed.
05:07:55 INFO  : Context for 'APU' is selected.
05:07:55 INFO  : Sourcing of '/home/bhalerao/kushal/ELM_test_suites/vivadoProjects/DDR4/psDDR_tests/myproj/project_1.sdk/ps_block_wrapper_hw_platform_0/psu_init.tcl' is done.
05:07:56 INFO  : 'psu_init' command is executed.
05:07:56 INFO  : 'catch {psu_protection}' command is executed.
05:07:56 INFO  : Context for processor 'psu_cortexa53_0' is selected.
05:07:57 INFO  : Processor reset is completed for 'psu_cortexa53_0'.
05:07:59 INFO  : The application '/home/bhalerao/kushal/ELM_test_suites/vivadoProjects/DDR4/psDDR_tests/myproj/project_1.sdk/testDDR/Debug/testDDR.elf' is downloaded to processor 'psu_cortexa53_0'.
05:07:59 INFO  : 'configparams force-mem-access 0' command is executed.
05:07:59 INFO  : ----------------XSDB Script----------------
connect -url tcp:127.0.0.1:3121
source /home/software/xilinx/SDK/2019.1/scripts/sdk/util/zynqmp_utils.tcl
targets -set -nocase -filter {name =~"APU*" && jtag_cable_name =~ "Platform Cable USB II 0000150f4c4701"} -index 1
rst -system
after 3000
targets -set -nocase -filter {name =~"APU*" && jtag_cable_name =~ "Platform Cable USB II 0000150f4c4701"} -index 1
reset_apu
targets -set -nocase -filter {name =~"APU*" && jtag_cable_name =~ "Platform Cable USB II 0000150f4c4701"} -index 1
loadhw -hw /home/bhalerao/kushal/ELM_test_suites/vivadoProjects/DDR4/psDDR_tests/myproj/project_1.sdk/ps_block_wrapper_hw_platform_0/system.hdf -mem-ranges [list {0x80000000 0xbfffffff} {0x400000000 0x5ffffffff} {0x1000000000 0x7fffffffff}]
configparams force-mem-access 1
targets -set -nocase -filter {name =~"APU*" && jtag_cable_name =~ "Platform Cable USB II 0000150f4c4701"} -index 1
source /home/bhalerao/kushal/ELM_test_suites/vivadoProjects/DDR4/psDDR_tests/myproj/project_1.sdk/ps_block_wrapper_hw_platform_0/psu_init.tcl
psu_init
catch {psu_protection}
targets -set -nocase -filter {name =~"*A53*0" && jtag_cable_name =~ "Platform Cable USB II 0000150f4c4701"} -index 1
rst -processor
dow /home/bhalerao/kushal/ELM_test_suites/vivadoProjects/DDR4/psDDR_tests/myproj/project_1.sdk/testDDR/Debug/testDDR.elf
configparams force-mem-access 0
----------------End of Script----------------

05:07:59 INFO  : Context for processor 'psu_cortexa53_0' is selected.
05:07:59 INFO  : 'con' command is executed.
05:07:59 INFO  : ----------------XSDB Script (After Launch)----------------
targets -set -nocase -filter {name =~"*A53*0" && jtag_cable_name =~ "Platform Cable USB II 0000150f4c4701"} -index 1
con
----------------End of Script----------------

05:07:59 INFO  : Disconnected from the channel tcfchan#1.
